app/build/outputs/logs/manifest-merger-debug-report.txt
-- Merging decision tree log ---
manifest
ADDED from src/main/AndroidManifest.xml:2:1-107:12
	xmlns:android
		ADDED from src/main/AndroidManifest.xml:2:11-69
	package
		ADDED from src/main/AndroidManifest.xml:3:5-41
		INJECTED from src/main/AndroidManifest.xml
		INJECTED from src/main/AndroidManifest.xml
	android:versionName
		ADDED from src/main/AndroidManifest.xml:5:5-30
	android:versionCode
		ADDED from src/main/AndroidManifest.xml:4:5-28
		INJECTED from src/main/AndroidManifest.xml
		INJECTED from src/main/AndroidManifest.xml
uses-feature#android.hardware.microphone
ADDED from src/main/AndroidManifest.xml:7:5-9:35
	android:required
		ADDED from src/main/AndroidManifest.xml:9:9-33
	android:name
		ADDED from src/main/AndroidManifest.xml:8:9-51
uses-permission#android.permission.INTERNET
ADDED from src/main/AndroidManifest.xml:11:5-67
	android:name
		ADDED from src/main/AndroidManifest.xml:11:22-64
uses-permission#android.permission.ACCESS_NETWORK_STATE
ADDED from src/main/AndroidManifest.xml:12:5-79
	android:name
		ADDED from src/main/AndroidManifest.xml:12:22-76
uses-permission#android.permission.RECORD_AUDIO
ADDED from src/main/AndroidManifest.xml:13:5-71
	android:name
		ADDED from src/main/AndroidManifest.xml:13:22-68
uses-permission#android.permission.MODIFY_AUDIO_SETTINGS
ADDED from src/main/AndroidManifest.xml:14:5-80
	android:name
		ADDED from src/main/AndroidManifest.xml:14:22-77
uses-permission#android.permission.READ_PHONE_STATE
ADDED from src/main/AndroidManifest.xml:15:5-75
	android:name
		ADDED from src/main/AndroidManifest.xml:15:22-72
uses-permission#android.permission.ACCESS_WIFI_STATE
ADDED from src/main/AndroidManifest.xml:16:5-76
	android:name
		ADDED from src/main/AndroidManifest.xml:16:22-73
uses-sdk
ADDED from src/main/AndroidManifest.xml:19:5-21:41
MERGED from [com.android.support:support-v4:21.0.0] AndroidManifest.xml:15:5-42
	android:targetSdkVersion
		ADDED from src/main/AndroidManifest.xml:21:9-38
		INJECTED from src/main/AndroidManifest.xml
		INJECTED from src/main/AndroidManifest.xml
	android:minSdkVersion
		ADDED from src/main/AndroidManifest.xml:20:9-35
		INJECTED from src/main/AndroidManifest.xml
		INJECTED from src/main/AndroidManifest.xml
application
ADDED from src/main/AndroidManifest.xml:23:5-103:19
MERGED from [com.android.support:support-v4:21.0.0] AndroidManifest.xml:16:5-19
	android:label
		ADDED from src/main/AndroidManifest.xml:27:9-41
	android:allowBackup
		ADDED from src/main/AndroidManifest.xml:25:9-35
	android:icon
		ADDED from src/main/AndroidManifest.xml:26:9-43
	android:theme
		ADDED from src/main/AndroidManifest.xml:28:9-40
	android:name
		ADDED from src/main/AndroidManifest.xml:24:9-62
activity#com.yAPPING.yappingproject.Splash
ADDED from src/main/AndroidManifest.xml:30:9-39:20
	android:screenOrientation
		ADDED from src/main/AndroidManifest.xml:33:13-49
	android:label
		ADDED from src/main/AndroidManifest.xml:32:13-45
	android:name
		ADDED from src/main/AndroidManifest.xml:31:13-61
intent-filter#android.intent.action.MAIN+android.intent.category.LAUNCHER
ADDED from src/main/AndroidManifest.xml:34:13-38:29
action#android.intent.action.MAIN
ADDED from src/main/AndroidManifest.xml:35:17-69
	android:name
		ADDED from src/main/AndroidManifest.xml:35:25-66
category#android.intent.category.LAUNCHER
ADDED from src/main/AndroidManifest.xml:37:17-77
	android:name
		ADDED from src/main/AndroidManifest.xml:37:27-74
activity#com.yAPPING.yappingproject.MainActivity
ADDED from src/main/AndroidManifest.xml:40:9-49:20
	android:screenOrientation
		ADDED from src/main/AndroidManifest.xml:42:13-49
	android:label
		ADDED from src/main/AndroidManifest.xml:41:13-43
	android:name
		ADDED from src/main/AndroidManifest.xml:40:19-73
activity#com.yAPPING.yappingproject.Home
ADDED from src/main/AndroidManifest.xml:50:9-54:20
	android:screenOrientation
		ADDED from src/main/AndroidManifest.xml:53:13-49
	android:label
		ADDED from src/main/AndroidManifest.xml:52:13-45
	android:name
		ADDED from src/main/AndroidManifest.xml:51:13-59
activity#com.yAPPING.yappingproject.Ask
ADDED from src/main/AndroidManifest.xml:55:9-59:20
	android:screenOrientation
		ADDED from src/main/AndroidManifest.xml:58:13-49
	android:label
		ADDED from src/main/AndroidManifest.xml:57:13-45
	android:name
		ADDED from src/main/AndroidManifest.xml:56:13-58
activity#com.yAPPING.yappingproject.Category
ADDED from src/main/AndroidManifest.xml:60:9-64:20
	android:screenOrientation
		ADDED from src/main/AndroidManifest.xml:63:13-49
	android:label
		ADDED from src/main/AndroidManifest.xml:62:13-45
	android:name
		ADDED from src/main/AndroidManifest.xml:61:13-63
activity#com.yAPPING.yappingproject.ProfileActivity
ADDED from src/main/AndroidManifest.xml:65:9-67:51
	android:screenOrientation
		ADDED from src/main/AndroidManifest.xml:67:13-49
	android:label
		ADDED from src/main/AndroidManifest.xml:66:13-41
	android:name
		ADDED from src/main/AndroidManifest.xml:65:19-76
activity#com.yAPPING.yappingproject.SignUpActivity
ADDED from src/main/AndroidManifest.xml:69:9-71:51
	android:screenOrientation
		ADDED from src/main/AndroidManifest.xml:71:13-49
	android:label
		ADDED from src/main/AndroidManifest.xml:70:13-43
	android:name
		ADDED from src/main/AndroidManifest.xml:69:19-75
activity#com.yAPPING.yappingproject.Rating_Activity
ADDED from src/main/AndroidManifest.xml:72:5-74:47
	android:screenOrientation
		ADDED from src/main/AndroidManifest.xml:74:9-45
	android:label
		ADDED from src/main/AndroidManifest.xml:73:9-39
	android:name
		ADDED from src/main/AndroidManifest.xml:72:15-72
activity#com.yAPPING.yappingproject.MustKnow
ADDED from src/main/AndroidManifest.xml:75:9-77:51
	android:screenOrientation
		ADDED from src/main/AndroidManifest.xml:77:13-49
	android:label
		ADDED from src/main/AndroidManifest.xml:76:13-43
	android:name
		ADDED from src/main/AndroidManifest.xml:75:19-69
activity#com.yAPPING.yappingproject.SeeAllQuestions
ADDED from src/main/AndroidManifest.xml:78:9-80:51
	android:screenOrientation
		ADDED from src/main/AndroidManifest.xml:80:13-49
	android:label
		ADDED from src/main/AndroidManifest.xml:79:13-43
	android:name
		ADDED from src/main/AndroidManifest.xml:78:19-76
activity#com.yAPPING.yappingproject.MyQuestions
ADDED from src/main/AndroidManifest.xml:81:9-83:51
	android:screenOrientation
		ADDED from src/main/AndroidManifest.xml:83:13-49
	android:label
		ADDED from src/main/AndroidManifest.xml:82:13-43
	android:name
		ADDED from src/main/AndroidManifest.xml:81:19-72
activity#com.yAPPING.yappingproject.FAQs
ADDED from src/main/AndroidManifest.xml:84:9-86:51
	android:screenOrientation
		ADDED from src/main/AndroidManifest.xml:86:13-49
	android:label
		ADDED from src/main/AndroidManifest.xml:85:13-43
	android:name
		ADDED from src/main/AndroidManifest.xml:84:19-65
activity#com.yAPPING.yappingproject.ViewAnswers
ADDED from src/main/AndroidManifest.xml:87:9-89:51
	android:screenOrientation
		ADDED from src/main/AndroidManifest.xml:89:13-49
	android:label
		ADDED from src/main/AndroidManifest.xml:88:13-43
	android:name
		ADDED from src/main/AndroidManifest.xml:87:19-72
activity#com.yAPPING.yappingproject.CallStartActivity
ADDED from src/main/AndroidManifest.xml:90:9-92:51
	android:screenOrientation
		ADDED from src/main/AndroidManifest.xml:92:13-49
	android:label
		ADDED from src/main/AndroidManifest.xml:91:13-43
	android:name
		ADDED from src/main/AndroidManifest.xml:90:19-78
service#com.yAPPING.yappingproject.SinchService
ADDED from src/main/AndroidManifest.xml:94:9-83
	android:name
		ADDED from src/main/AndroidManifest.xml:94:18-72
activity#com.yAPPING.yappingproject.CallScreenActivity
ADDED from src/main/AndroidManifest.xml:96:9-118
	android:screenOrientation
		ADDED from src/main/AndroidManifest.xml:96:80-116
	android:name
		ADDED from src/main/AndroidManifest.xml:96:19-79
activity#com.yAPPING.yappingproject.IncomingCallScreenActivity
ADDED from src/main/AndroidManifest.xml:97:9-98:39
	android:screenOrientation
		ADDED from src/main/AndroidManifest.xml:97:88-124
	android:noHistory
		ADDED from src/main/AndroidManifest.xml:98:13-37
	android:name
		ADDED from src/main/AndroidManifest.xml:97:19-87